<?xml version="1.0" encoding="UTF-8"?>
<testng-results skipped="0" failed="1" ignored="0" total="3" passed="2">
  <reporter-output>
    <line>
      <![CDATA[<a target="_blank" href =Fri_Sep_11_13_08_26_IST_2020.jpg>Screenshot</a>]]>
    </line>
    <line>
      <![CDATA[<a href =Fri_Sep_11_13_08_26_IST_2020.jpg><img height=100 width=100 src=Fri_Sep_11_13_08_26_IST_2020.jpg></img></a>]]>
    </line>
  </reporter-output>
  <suite name="Udemy Project Suite" duration-ms="32966" started-at="2020-09-11T07:37:54Z" finished-at="2020-09-11T07:38:27Z">
    <groups>
    </groups>
    <test name="Login Test" duration-ms="11898" started-at="2020-09-11T07:37:54Z" finished-at="2020-09-11T07:38:06Z">
      <class name="com.practice.testcases.LoginTest">
        <test-method status="PASS" signature="loginTest(java.lang.String, java.lang.String)[pri:0, instance:com.practice.testcases.LoginTest@548d708a]" name="loginTest" duration-ms="8069" started-at="2020-09-11T07:37:55Z" data-provider="dp" finished-at="2020-09-11T07:38:03Z">
          <params>
            <param index="0">
              <value>
                <![CDATA[datascienceudcs@gmail.com]]>
              </value>
            </param>
            <param index="1">
              <value>
                <![CDATA[!way2@uto]]>
              </value>
            </param>
          </params>
          <reporter-output>
          </reporter-output>
        </test-method> <!-- loginTest -->
      </class> <!-- com.practice.testcases.LoginTest -->
    </test> <!-- Login Test -->
    <test name="Actions Test" duration-ms="19304" started-at="2020-09-11T07:38:06Z" finished-at="2020-09-11T07:38:25Z">
      <class name="com.practice.testcases.ActionsTest">
        <test-method status="PASS" signature="actionTest()[pri:0, instance:com.practice.testcases.ActionsTest@5e2c3d18]" name="actionTest" duration-ms="19149" started-at="2020-09-11T07:38:06Z" finished-at="2020-09-11T07:38:25Z">
          <reporter-output>
          </reporter-output>
        </test-method> <!-- actionTest -->
      </class> <!-- com.practice.testcases.ActionsTest -->
    </test> <!-- Actions Test -->
    <test name="Verify Test" duration-ms="1644" started-at="2020-09-11T07:38:25Z" finished-at="2020-09-11T07:38:27Z">
      <class name="com.practice.testcases.VerifyTest">
        <test-method status="PASS" signature="setup()[pri:0, instance:com.practice.testcases.VerifyTest@16eb3ea3]" name="setup" is-config="true" duration-ms="18577" started-at="2020-09-11T07:37:35Z" finished-at="2020-09-11T07:37:54Z">
          <reporter-output>
          </reporter-output>
        </test-method> <!-- setup -->
        <test-method status="FAIL" signature="verifyTest()[pri:0, instance:com.practice.testcases.VerifyTest@16eb3ea3]" name="verifyTest" duration-ms="182" started-at="2020-09-11T07:38:25Z" finished-at="2020-09-11T07:38:25Z">
          <exception class="java.lang.AssertionError">
            <message>
              <![CDATA[Forcefully Failing to see whether Screenshot is generating or not]]>
            </message>
            <full-stacktrace>
              <![CDATA[java.lang.AssertionError: Forcefully Failing to see whether Screenshot is generating or not
at org.testng.Assert.fail(Assert.java:96)
at com.practice.testcases.VerifyTest.verifyTest(VerifyTest.java:17)
at sun.reflect.NativeMethodAccessorImpl.invoke0(Native Method)
at sun.reflect.NativeMethodAccessorImpl.invoke(NativeMethodAccessorImpl.java:62)
at sun.reflect.DelegatingMethodAccessorImpl.invoke(DelegatingMethodAccessorImpl.java:43)
at java.lang.reflect.Method.invoke(Method.java:498)
at org.testng.internal.MethodInvocationHelper.invokeMethod(MethodInvocationHelper.java:124)
at org.testng.internal.Invoker.invokeMethod(Invoker.java:583)
at org.testng.internal.Invoker.invokeTestMethod(Invoker.java:719)
at org.testng.internal.Invoker.invokeTestMethods(Invoker.java:989)
at org.testng.internal.TestMethodWorker.invokeTestMethods(TestMethodWorker.java:125)
at org.testng.internal.TestMethodWorker.run(TestMethodWorker.java:109)
at org.testng.TestRunner.privateRun(TestRunner.java:648)
at org.testng.TestRunner.run(TestRunner.java:505)
at org.testng.SuiteRunner.runTest(SuiteRunner.java:455)
at org.testng.SuiteRunner.runSequentially(SuiteRunner.java:450)
at org.testng.SuiteRunner.privateRun(SuiteRunner.java:415)
at org.testng.SuiteRunner.run(SuiteRunner.java:364)
at org.testng.SuiteRunnerWorker.runSuite(SuiteRunnerWorker.java:52)
at org.testng.SuiteRunnerWorker.run(SuiteRunnerWorker.java:84)
at org.testng.TestNG.runSuitesSequentially(TestNG.java:1208)
at org.testng.TestNG.runSuitesLocally(TestNG.java:1137)
at org.testng.TestNG.runSuites(TestNG.java:1049)
at org.testng.TestNG.run(TestNG.java:1017)
at org.apache.maven.surefire.testng.TestNGExecutor.run(TestNGExecutor.java:295)
at org.apache.maven.surefire.testng.TestNGXmlTestSuite.execute(TestNGXmlTestSuite.java:84)
at org.apache.maven.surefire.testng.TestNGProvider.invoke(TestNGProvider.java:90)
at org.apache.maven.surefire.booter.ForkedBooter.invokeProviderInSameClassLoader(ForkedBooter.java:203)
at org.apache.maven.surefire.booter.ForkedBooter.runSuitesInProcess(ForkedBooter.java:155)
at org.apache.maven.surefire.booter.ForkedBooter.main(ForkedBooter.java:103)
]]>
            </full-stacktrace>
          </exception> <!-- java.lang.AssertionError -->
          <reporter-output>
            <line>
              <![CDATA[<a target="_blank" href =Fri_Sep_11_13_08_26_IST_2020.jpg>Screenshot</a>]]>
            </line>
            <line>
              <![CDATA[<a href =Fri_Sep_11_13_08_26_IST_2020.jpg><img height=100 width=100 src=Fri_Sep_11_13_08_26_IST_2020.jpg></img></a>]]>
            </line>
          </reporter-output>
        </test-method> <!-- verifyTest -->
        <test-method status="PASS" signature="teardown()[pri:0, instance:com.practice.testcases.VerifyTest@16eb3ea3]" name="teardown" is-config="true" duration-ms="3397" started-at="2020-09-11T07:38:27Z" finished-at="2020-09-11T07:38:30Z">
          <reporter-output>
          </reporter-output>
        </test-method> <!-- teardown -->
      </class> <!-- com.practice.testcases.VerifyTest -->
    </test> <!-- Verify Test -->
  </suite> <!-- Udemy Project Suite -->
</testng-results>
